<?xml version="1.0" encoding="UTF-8"?>
<!-- Generated by org.testng.reporters.JUnitReportReporter -->
<testsuite skipped="0" hostname="ip-172-31-47-123.us-east-2.compute.internal" name="org.example.LoginPageTest" tests="4" failures="0" timestamp="2021-10-14T10:36:51 UTC" time="10.213" errors="0">
  <testcase name="validUserLoginTestCase" time="4.521" classname="org.example.LoginPageTest"/>
  <system-out/>
  <testcase name="invalidUserCredentialsTest" time="2.380" classname="org.example.LoginPageTest"/>
  <system-out/>
  <testcase name="emptyUserCredentialsTest" time="1.985" classname="org.example.LoginPageTest"/>
  <system-out/>
  <testcase name="forgotPassword" time="1.327" classname="org.example.LoginPageTest"/>
  <system-out/>
</testsuite> <!-- org.example.LoginPageTest -->
